{"level":"info","message":"Subscribed to BTCUSDT klines","timestamp":"2025-05-29T09:43:29.887Z"}
{"level":"info","message":"Subscribed to ETHUSDT klines","timestamp":"2025-05-29T09:43:29.890Z"}
{"level":"info","message":"Subscribed to XRPUSDT klines","timestamp":"2025-05-29T09:43:29.890Z"}
{"level":"info","message":"Subscribed to ETHBTC klines","timestamp":"2025-05-29T09:43:29.891Z"}
{"level":"info","message":"Subscribed to XRPBTC klines","timestamp":"2025-05-29T09:43:29.891Z"}
{"level":"info","message":"Subscribed to DOTUSDT klines","timestamp":"2025-05-29T09:43:29.892Z"}
{"level":"info","message":"Subscribed to XLMUSDT klines","timestamp":"2025-05-29T09:43:29.892Z"}
{"level":"info","message":"Subscribed to LTCUSDT klines","timestamp":"2025-05-29T09:43:29.893Z"}
{"level":"info","message":"Subscribed to DOGEUSDT klines","timestamp":"2025-05-29T09:43:29.893Z"}
{"level":"info","message":"Subscribed to CHZUSDT klines","timestamp":"2025-05-29T09:43:29.893Z"}
{"level":"info","message":"Subscribed to AXSUSDT klines","timestamp":"2025-05-29T09:43:30.904Z"}
{"level":"info","message":"Subscribed to MANAUSDT klines","timestamp":"2025-05-29T09:43:30.905Z"}
{"level":"info","message":"Subscribed to DYDXUSDT klines","timestamp":"2025-05-29T09:43:30.905Z"}
{"level":"info","message":"Subscribed to MKRUSDT klines","timestamp":"2025-05-29T09:43:30.906Z"}
{"level":"info","message":"Subscribed to COMPUSDT klines","timestamp":"2025-05-29T09:43:30.906Z"}
{"level":"info","message":"Subscribed to AAVEUSDT klines","timestamp":"2025-05-29T09:43:30.906Z"}
{"level":"info","message":"Subscribed to YFIUSDT klines","timestamp":"2025-05-29T09:43:30.906Z"}
{"level":"info","message":"Subscribed to LINKUSDT klines","timestamp":"2025-05-29T09:43:30.906Z"}
{"level":"info","message":"Subscribed to SUSHIUSDT klines","timestamp":"2025-05-29T09:43:30.907Z"}
{"level":"info","message":"Subscribed to UNIUSDT klines","timestamp":"2025-05-29T09:43:30.907Z"}
{"level":"info","message":"Subscribed to KSMUSDT klines","timestamp":"2025-05-29T09:43:31.909Z"}
{"level":"info","message":"Subscribed to ICPUSDT klines","timestamp":"2025-05-29T09:43:31.910Z"}
{"level":"info","message":"Subscribed to ADAUSDT klines","timestamp":"2025-05-29T09:43:31.910Z"}
{"level":"info","message":"Subscribed to ETCUSDT klines","timestamp":"2025-05-29T09:43:31.910Z"}
{"level":"info","message":"Subscribed to XTZUSDT klines","timestamp":"2025-05-29T09:43:31.910Z"}
{"level":"info","message":"Subscribed to BCHUSDT klines","timestamp":"2025-05-29T09:43:31.910Z"}
{"level":"info","message":"Subscribed to QNTUSDT klines","timestamp":"2025-05-29T09:43:31.910Z"}
{"level":"info","message":"Subscribed to USDCUSDT klines","timestamp":"2025-05-29T09:43:31.911Z"}
{"level":"info","message":"Subscribed to GRTUSDT klines","timestamp":"2025-05-29T09:43:31.911Z"}
{"level":"info","message":"Subscribed to SOLUSDT klines","timestamp":"2025-05-29T09:43:31.911Z"}
{"level":"info","message":"Subscribed to FILUSDT klines","timestamp":"2025-05-29T09:43:32.922Z"}
{"level":"info","message":"Subscribed to OMGUSDT klines","timestamp":"2025-05-29T09:43:32.923Z"}
{"level":"info","message":"Subscribed to BATUSDT klines","timestamp":"2025-05-29T09:43:32.923Z"}
{"level":"info","message":"Subscribed to ZRXUSDT klines","timestamp":"2025-05-29T09:43:32.924Z"}
{"level":"info","message":"Subscribed to CRVUSDT klines","timestamp":"2025-05-29T09:43:32.924Z"}
{"level":"info","message":"Subscribed to AGLDUSDT klines","timestamp":"2025-05-29T09:43:32.924Z"}
{"level":"info","message":"Subscribed to ANKRUSDT klines","timestamp":"2025-05-29T09:43:32.924Z"}
{"level":"info","message":"Subscribed to PERPUSDT klines","timestamp":"2025-05-29T09:43:32.924Z"}
{"level":"info","message":"Subscribed to WAVESUSDT klines","timestamp":"2025-05-29T09:43:32.924Z"}
{"level":"info","message":"Subscribed to LUNCUSDT klines","timestamp":"2025-05-29T09:43:32.924Z"}
{"level":"info","message":"Subscribed to SPELLUSDT klines","timestamp":"2025-05-29T09:43:33.932Z"}
{"level":"info","message":"Subscribed to SHIBUSDT klines","timestamp":"2025-05-29T09:43:33.933Z"}
{"level":"info","message":"Subscribed to ATOMUSDT klines","timestamp":"2025-05-29T09:43:33.933Z"}
{"level":"info","message":"Subscribed to ALGOUSDT klines","timestamp":"2025-05-29T09:43:33.934Z"}
{"level":"info","message":"Subscribed to ENJUSDT klines","timestamp":"2025-05-29T09:43:33.934Z"}
{"level":"info","message":"Subscribed to SANDUSDT klines","timestamp":"2025-05-29T09:43:33.934Z"}
{"level":"info","message":"Subscribed to AVAXUSDT klines","timestamp":"2025-05-29T09:43:33.934Z"}
{"level":"info","message":"Subscribed to WOOUSDT klines","timestamp":"2025-05-29T09:43:33.934Z"}
{"level":"info","message":"Subscribed to FTTUSDT klines","timestamp":"2025-05-29T09:43:33.934Z"}
{"level":"info","message":"Subscribed to GODSUSDT klines","timestamp":"2025-05-29T09:43:33.935Z"}
{"level":"info","message":"Subscribed to IMXUSDT klines","timestamp":"2025-05-29T09:43:34.959Z"}
{"level":"info","message":"Subscribed to ENSUSDT klines","timestamp":"2025-05-29T09:43:34.960Z"}
{"level":"info","message":"Subscribed to CAKEUSDT klines","timestamp":"2025-05-29T09:43:34.960Z"}
{"level":"info","message":"Subscribed to STETHUSDT klines","timestamp":"2025-05-29T09:43:34.961Z"}
{"level":"info","message":"Subscribed to GALFTUSDT klines","timestamp":"2025-05-29T09:43:34.961Z"}
{"level":"info","message":"Subscribed to SLPUSDT klines","timestamp":"2025-05-29T09:43:34.961Z"}
{"level":"info","message":"Subscribed to C98USDT klines","timestamp":"2025-05-29T09:43:34.961Z"}
{"level":"info","message":"Subscribed to GENEUSDT klines","timestamp":"2025-05-29T09:43:34.961Z"}
{"level":"info","message":"Subscribed to AVAUSDT klines","timestamp":"2025-05-29T09:43:34.962Z"}
{"level":"info","message":"Subscribed to ONEUSDT klines","timestamp":"2025-05-29T09:43:34.962Z"}
{"level":"info","message":"Subscribed to BOBAUSDT klines","timestamp":"2025-05-29T09:43:35.978Z"}
{"level":"info","message":"Subscribed to JASMYUSDT klines","timestamp":"2025-05-29T09:43:35.978Z"}
{"level":"info","message":"Subscribed to GALAUSDT klines","timestamp":"2025-05-29T09:43:35.979Z"}
{"level":"info","message":"Subscribed to TRVLUSDT klines","timestamp":"2025-05-29T09:43:35.979Z"}
{"level":"info","message":"Subscribed to WEMIXUSDT klines","timestamp":"2025-05-29T09:43:35.979Z"}
{"level":"info","message":"Subscribed to XEMUSDT klines","timestamp":"2025-05-29T09:43:35.979Z"}
{"level":"info","message":"Subscribed to BICOUSDT klines","timestamp":"2025-05-29T09:43:35.979Z"}
{"level":"info","message":"Subscribed to UMAUSDT klines","timestamp":"2025-05-29T09:43:35.980Z"}
{"level":"info","message":"Subscribed to NEXOUSDT klines","timestamp":"2025-05-29T09:43:35.980Z"}
{"level":"info","message":"Subscribed to SNXUSDT klines","timestamp":"2025-05-29T09:43:35.980Z"}
{"level":"info","message":"Subscribed to 1INCHUSDT klines","timestamp":"2025-05-29T09:43:36.983Z"}
{"level":"info","message":"Subscribed to TELUSDT klines","timestamp":"2025-05-29T09:43:36.984Z"}
{"level":"info","message":"Subscribed to SISUSDT klines","timestamp":"2025-05-29T09:43:36.984Z"}
{"level":"info","message":"Subscribed to LRCUSDT klines","timestamp":"2025-05-29T09:43:36.984Z"}
{"level":"info","message":"Subscribed to LDOUSDT klines","timestamp":"2025-05-29T09:43:36.985Z"}
{"level":"info","message":"Subscribed to ETHUSDC klines","timestamp":"2025-05-29T09:43:36.985Z"}
{"level":"info","message":"Subscribed to BTCUSDC klines","timestamp":"2025-05-29T09:43:36.985Z"}
{"level":"info","message":"Subscribed to IZIUSDT klines","timestamp":"2025-05-29T09:43:36.985Z"}
{"level":"info","message":"Subscribed to QTUMUSDT klines","timestamp":"2025-05-29T09:43:36.985Z"}
{"level":"info","message":"Subscribed to ZENUSDT klines","timestamp":"2025-05-29T09:43:36.986Z"}
{"level":"info","message":"Subscribed to BTCUSDT klines","timestamp":"2025-05-29T09:51:56.144Z"}
{"level":"info","message":"Bot started successfully","timestamp":"2025-05-29T09:51:56.179Z"}
{"level":"info","message":"Shutting down...","timestamp":"2025-05-29T09:56:21.472Z"}
{"level":"info","message":"Subscribed to BTCUSDT klines","timestamp":"2025-05-29T09:56:46.977Z"}
{"level":"info","message":"Bot started successfully","timestamp":"2025-05-29T09:56:47.011Z"}
{"level":"info","message":"📊 СТАТУС МОНИТОРИНГА:","timestamp":"2025-05-29T09:56:48.010Z"}
{"level":"info","message":"🕒 Время: 11:56:48 AM","timestamp":"2025-05-29T09:56:48.023Z"}
{"level":"info","message":"💰 Текущая цена: $108502.7","timestamp":"2025-05-29T09:56:48.023Z"}
{"level":"info","message":"📈 Текущий объем: 285.94","timestamp":"2025-05-29T09:56:48.023Z"}
{"level":"info","message":"➖➖➖➖➖➖➖➖➖➖➖➖➖➖➖➖➖➖➖➖","timestamp":"2025-05-29T09:56:48.023Z"}
{"level":"info","message":"Message sent to Telegram","timestamp":"2025-05-29T09:56:50.352Z"}
{"level":"info","message":"Trade opened and notification sent","timestamp":"2025-05-29T09:56:50.352Z"}
{"level":"info","message":"📊 СТАТУС МОНИТОРИНГА:","timestamp":"2025-05-29T10:01:48.899Z"}
{"level":"info","message":"🕒 Время: 12:01:48 PM","timestamp":"2025-05-29T10:01:48.899Z"}
{"level":"info","message":"💰 Текущая цена: $108474.4","timestamp":"2025-05-29T10:01:48.899Z"}
{"level":"info","message":"📈 Текущий объем: 50.61","timestamp":"2025-05-29T10:01:48.899Z"}
{"level":"info","message":"📊 Предыдущий объем: 332.67","timestamp":"2025-05-29T10:01:48.899Z"}
{"level":"info","message":"🎯 Требуемый объем для сигнала: 1330.69","timestamp":"2025-05-29T10:01:48.899Z"}
{"level":"info","message":"📉 До сигнала осталось: 1280.08","timestamp":"2025-05-29T10:01:48.899Z"}
{"level":"info","message":"➖➖➖➖➖➖➖➖➖➖➖➖➖➖➖➖➖➖➖➖","timestamp":"2025-05-29T10:01:48.899Z"}
{"level":"info","message":"📊 СТАТУС МОНИТОРИНГА:","timestamp":"2025-05-29T10:06:49.907Z"}
{"level":"info","message":"🕒 Время: 12:06:49 PM","timestamp":"2025-05-29T10:06:49.907Z"}
{"level":"info","message":"💰 Текущая цена: $108452.8","timestamp":"2025-05-29T10:06:49.907Z"}
{"level":"info","message":"📈 Текущий объем: 248.58","timestamp":"2025-05-29T10:06:49.907Z"}
{"level":"info","message":"📊 Предыдущий объем: 332.67","timestamp":"2025-05-29T10:06:49.907Z"}
{"level":"info","message":"🎯 Требуемый объем для сигнала: 1330.69","timestamp":"2025-05-29T10:06:49.907Z"}
{"level":"info","message":"📉 До сигнала осталось: 1082.11","timestamp":"2025-05-29T10:06:49.907Z"}
{"level":"info","message":"➖➖➖➖➖➖➖➖➖➖➖➖➖➖➖➖➖➖➖➖","timestamp":"2025-05-29T10:06:49.907Z"}
{"level":"info","message":"📊 СТАТУС МОНИТОРИНГА:","timestamp":"2025-05-29T10:11:50.904Z"}
{"level":"info","message":"🕒 Время: 12:11:50 PM","timestamp":"2025-05-29T10:11:50.904Z"}
{"level":"info","message":"💰 Текущая цена: $108388","timestamp":"2025-05-29T10:11:50.904Z"}
{"level":"info","message":"📈 Текущий объем: 344.39","timestamp":"2025-05-29T10:11:50.904Z"}
{"level":"info","message":"📊 Предыдущий объем: 332.67","timestamp":"2025-05-29T10:11:50.905Z"}
{"level":"info","message":"🎯 Требуемый объем для сигнала: 1330.69","timestamp":"2025-05-29T10:11:50.905Z"}
{"level":"info","message":"📉 До сигнала осталось: 986.30","timestamp":"2025-05-29T10:11:50.905Z"}
{"level":"info","message":"➖➖➖➖➖➖➖➖➖➖➖➖➖➖➖➖➖➖➖➖","timestamp":"2025-05-29T10:11:50.905Z"}
{"level":"info","message":"📊 СТАТУС МОНИТОРИНГА:","timestamp":"2025-05-29T10:16:50.917Z"}
{"level":"info","message":"🕒 Время: 12:16:50 PM","timestamp":"2025-05-29T10:16:50.917Z"}
{"level":"info","message":"💰 Текущая цена: $108512.5","timestamp":"2025-05-29T10:16:50.917Z"}
{"level":"info","message":"📈 Текущий объем: 81.70","timestamp":"2025-05-29T10:16:50.917Z"}
{"level":"info","message":"📊 Предыдущий объем: 476.94","timestamp":"2025-05-29T10:16:50.917Z"}
{"level":"info","message":"🎯 Требуемый объем для сигнала: 1907.75","timestamp":"2025-05-29T10:16:50.917Z"}
{"level":"info","message":"📉 До сигнала осталось: 1826.05","timestamp":"2025-05-29T10:16:50.917Z"}
{"level":"info","message":"➖➖➖➖➖➖➖➖➖➖➖➖➖➖➖➖➖➖➖➖","timestamp":"2025-05-29T10:16:50.917Z"}
{"level":"info","message":"📊 СТАТУС МОНИТОРИНГА:","timestamp":"2025-05-29T10:21:50.924Z"}
{"level":"info","message":"🕒 Время: 12:21:50 PM","timestamp":"2025-05-29T10:21:50.924Z"}
{"level":"info","message":"💰 Текущая цена: $108537","timestamp":"2025-05-29T10:21:50.924Z"}
{"level":"info","message":"📈 Текущий объем: 201.10","timestamp":"2025-05-29T10:21:50.924Z"}
{"level":"info","message":"📊 Предыдущий объем: 476.94","timestamp":"2025-05-29T10:21:50.924Z"}
{"level":"info","message":"🎯 Требуемый объем для сигнала: 1907.75","timestamp":"2025-05-29T10:21:50.924Z"}
{"level":"info","message":"📉 До сигнала осталось: 1706.64","timestamp":"2025-05-29T10:21:50.924Z"}
{"level":"info","message":"➖➖➖➖➖➖➖➖➖➖➖➖➖➖➖➖➖➖➖➖","timestamp":"2025-05-29T10:21:50.924Z"}
{"level":"info","message":"📊 СТАТУС МОНИТОРИНГА:","timestamp":"2025-05-29T10:26:50.929Z"}
{"level":"info","message":"🕒 Время: 12:26:50 PM","timestamp":"2025-05-29T10:26:50.929Z"}
{"level":"info","message":"💰 Текущая цена: $108475.3","timestamp":"2025-05-29T10:26:50.929Z"}
{"level":"info","message":"📈 Текущий объем: 294.91","timestamp":"2025-05-29T10:26:50.929Z"}
{"level":"info","message":"📊 Предыдущий объем: 476.94","timestamp":"2025-05-29T10:26:50.929Z"}
{"level":"info","message":"🎯 Требуемый объем для сигнала: 1907.75","timestamp":"2025-05-29T10:26:50.929Z"}
{"level":"info","message":"📉 До сигнала осталось: 1612.84","timestamp":"2025-05-29T10:26:50.929Z"}
{"level":"info","message":"➖➖➖➖➖➖➖➖➖➖➖➖➖➖➖➖➖➖➖➖","timestamp":"2025-05-29T10:26:50.929Z"}
{"level":"info","message":"📊 СТАТУС МОНИТОРИНГА:","timestamp":"2025-05-29T10:31:50.935Z"}
{"level":"info","message":"🕒 Время: 12:31:50 PM","timestamp":"2025-05-29T10:31:50.935Z"}
{"level":"info","message":"💰 Текущая цена: $108366.6","timestamp":"2025-05-29T10:31:50.935Z"}
{"level":"info","message":"📈 Текущий объем: 48.74","timestamp":"2025-05-29T10:31:50.935Z"}
{"level":"info","message":"📊 Предыдущий объем: 363.68","timestamp":"2025-05-29T10:31:50.935Z"}
{"level":"info","message":"🎯 Требуемый объем для сигнала: 1454.70","timestamp":"2025-05-29T10:31:50.935Z"}
{"level":"info","message":"📉 До сигнала осталось: 1405.96","timestamp":"2025-05-29T10:31:50.935Z"}
{"level":"info","message":"➖➖➖➖➖➖➖➖➖➖➖➖➖➖➖➖➖➖➖➖","timestamp":"2025-05-29T10:31:50.935Z"}
